Using pre-set license
Built from '2021.3/staging' branch; Version is '2021.3.21f1 (1b156197d683) revision 1774945'; Using compiler version '192829333'; Build Type 'Release'
OS: 'Windows 10  (10.0.19045) 64bit Professional' Language: 'ru' Physical Memory: 16262 MB
BatchMode: 1, IsHumanControllingUs: 0, StartBugReporterOnCrash: 0, Is64bit: 1, IsPro: 1

COMMAND LINE ARGUMENTS:
D:\Unity\2021.3.21f1\Editor\Unity.exe
-adb2
-batchMode
-noUpm
-name
AssetImportWorker5
-projectPath
D:/Unity/CarRage
-logFile
Logs/AssetImportWorker5.log
-srvPort
57636
Successfully changed project path to: D:/Unity/CarRage
D:/Unity/CarRage
[UnityMemory] Configuration Parameters - Can be set up in boot.config
    "memorysetup-bucket-allocator-granularity=16"
    "memorysetup-bucket-allocator-bucket-count=8"
    "memorysetup-bucket-allocator-block-size=33554432"
    "memorysetup-bucket-allocator-block-count=8"
    "memorysetup-main-allocator-block-size=16777216"
    "memorysetup-thread-allocator-block-size=16777216"
    "memorysetup-gfx-main-allocator-block-size=16777216"
    "memorysetup-gfx-thread-allocator-block-size=16777216"
    "memorysetup-cache-allocator-block-size=4194304"
    "memorysetup-typetree-allocator-block-size=2097152"
    "memorysetup-profiler-bucket-allocator-granularity=16"
    "memorysetup-profiler-bucket-allocator-bucket-count=8"
    "memorysetup-profiler-bucket-allocator-block-size=33554432"
    "memorysetup-profiler-bucket-allocator-block-count=8"
    "memorysetup-profiler-allocator-block-size=16777216"
    "memorysetup-profiler-editor-allocator-block-size=1048576"
    "memorysetup-temp-allocator-size-main=16777216"
    "memorysetup-job-temp-allocator-block-size=2097152"
    "memorysetup-job-temp-allocator-block-size-background=1048576"
    "memorysetup-job-temp-allocator-reduction-small-platforms=262144"
    "memorysetup-temp-allocator-size-background-worker=32768"
    "memorysetup-temp-allocator-size-job-worker=262144"
    "memorysetup-temp-allocator-size-preload-manager=33554432"
    "memorysetup-temp-allocator-size-nav-mesh-worker=65536"
    "memorysetup-temp-allocator-size-audio-worker=65536"
    "memorysetup-temp-allocator-size-cloud-worker=32768"
    "memorysetup-temp-allocator-size-gi-baking-worker=262144"
    "memorysetup-temp-allocator-size-gfx=262144"
Player connection [18672] Host "[IP] 192.168.1.73 [Port] 0 [Flags] 2 [Guid] 775395349 [EditorId] 775395349 [Version] 1048832 [Id] WindowsEditor(7,DESKTOP-PFL1E3A) [Debug] 1 [PackageName] WindowsEditor [ProjectName] Editor" joined multi-casting on [225.0.0.222:54997]...

Player connection [18672] Host "[IP] 192.168.1.73 [Port] 0 [Flags] 2 [Guid] 775395349 [EditorId] 775395349 [Version] 1048832 [Id] WindowsEditor(7,DESKTOP-PFL1E3A) [Debug] 1 [PackageName] WindowsEditor [ProjectName] Editor" joined alternative multi-casting on [225.0.0.222:34997]...

Refreshing native plugins compatible for Editor in 355.88 ms, found 4 plugins.
Preloading 0 native plugins for Editor in 0.00 ms.
Initialize engine version: 2021.3.21f1 (1b156197d683)
[Subsystems] Discovering subsystems at path D:/Unity/2021.3.21f1/Editor/Data/Resources/UnitySubsystems
[Subsystems] Discovering subsystems at path D:/Unity/CarRage/Assets
GfxDevice: creating device client; threaded=0; jobified=0
Direct3D:
    Version:  Direct3D 11.0 [level 11.0]
    Renderer: NVIDIA GeForce GTX 660 (ID=0x11c0)
    Vendor:   NVIDIA
    VRAM:     1998 MB
    Driver:   30.0.14.7196
Shader 'MoreMountains/MMRipple': fallback shader 'Particle/AlphaBlended' not found
Initialize mono
Mono path[0] = 'D:/Unity/2021.3.21f1/Editor/Data/Managed'
Mono path[1] = 'D:/Unity/2021.3.21f1/Editor/Data/MonoBleedingEdge/lib/mono/unityjit-win32'
Mono config path = 'D:/Unity/2021.3.21f1/Editor/Data/MonoBleedingEdge/etc'
Using monoOptions --debugger-agent=transport=dt_socket,embedding=1,server=y,suspend=n,address=127.0.0.1:56012
Begin MonoManager ReloadAssembly
Registering precompiled unity dll's ...
Register platform support module: D:/Unity/2021.3.21f1/Editor/Data/PlaybackEngines/WebGLSupport/UnityEditor.WebGL.Extensions.dll
Register platform support module: D:/Unity/2021.3.21f1/Editor/Data/PlaybackEngines/AndroidPlayer/UnityEditor.Android.Extensions.dll
Register platform support module: D:/Unity/2021.3.21f1/Editor/Data/PlaybackEngines/iOSSupport/UnityEditor.iOS.Extensions.dll
Register platform support module: D:/Unity/2021.3.21f1/Editor/Data/PlaybackEngines/WindowsStandaloneSupport/UnityEditor.WindowsStandalone.Extensions.dll
Registered in 0.015690 seconds.
Native extension for WindowsStandalone target not found
[usbmuxd] Start listen thread
[usbmuxd] Listen thread started
Native extension for iOS target not found
Native extension for Android target not found
Android Extension - Scanning For ADB Devices 723 ms
Native extension for WebGL target not found
Refreshing native plugins compatible for Editor in 201.83 ms, found 4 plugins.
Preloading 0 native plugins for Editor in 0.00 ms.
Mono: successfully reloaded assembly
- Completed reload, in  2.421 seconds
Domain Reload Profiling:
	ReloadAssembly (2422ms)
		BeginReloadAssembly (222ms)
			ExecutionOrderSort (0ms)
			DisableScriptedObjects (0ms)
			BackupInstance (0ms)
			ReleaseScriptingObjects (0ms)
			CreateAndSetChildDomain (1ms)
		EndReloadAssembly (1957ms)
			LoadAssemblies (225ms)
			RebuildTransferFunctionScriptingTraits (0ms)
			SetupTypeCache (307ms)
			ReleaseScriptCaches (0ms)
			RebuildScriptCaches (74ms)
			SetupLoadedEditorAssemblies (1448ms)
				LogAssemblyErrors (0ms)
				InitializePlatformSupportModulesInManaged (908ms)
				SetLoadedEditorAssemblies (0ms)
				RefreshPlugins (202ms)
				BeforeProcessingInitializeOnLoad (4ms)
				ProcessInitializeOnLoadAttributes (223ms)
				ProcessInitializeOnLoadMethodAttributes (110ms)
				AfterProcessingInitializeOnLoad (0ms)
				EditorAssembliesLoaded (0ms)
			ExecutionOrderSort2 (0ms)
			AwakeInstancesAfterBackupRestoration (0ms)
Platform modules already initialized, skipping
Registering precompiled user dll's ...
Registered in 0.015571 seconds.
Begin MonoManager ReloadAssembly
Native extension for WindowsStandalone target not found
Native extension for iOS target not found
Native extension for Android target not found
Native extension for WebGL target not found
Refreshing native plugins compatible for Editor in 783.58 ms, found 4 plugins.
Preloading 0 native plugins for Editor in 0.00 ms.
Mono: successfully reloaded assembly
- Completed reload, in 16.856 seconds
Domain Reload Profiling:
	ReloadAssembly (16858ms)
		BeginReloadAssembly (316ms)
			ExecutionOrderSort (0ms)
			DisableScriptedObjects (14ms)
			BackupInstance (0ms)
			ReleaseScriptingObjects (0ms)
			CreateAndSetChildDomain (44ms)
		EndReloadAssembly (16240ms)
			LoadAssemblies (10387ms)
			RebuildTransferFunctionScriptingTraits (0ms)
			SetupTypeCache (2049ms)
			ReleaseScriptCaches (1ms)
			RebuildScriptCaches (310ms)
			SetupLoadedEditorAssemblies (3309ms)
				LogAssemblyErrors (0ms)
				InitializePlatformSupportModulesInManaged (205ms)
				SetLoadedEditorAssemblies (1ms)
				RefreshPlugins (784ms)
				BeforeProcessingInitializeOnLoad (281ms)
				ProcessInitializeOnLoadAttributes (1611ms)
				ProcessInitializeOnLoadMethodAttributes (405ms)
				AfterProcessingInitializeOnLoad (21ms)
				EditorAssembliesLoaded (2ms)
			ExecutionOrderSort2 (0ms)
			AwakeInstancesAfterBackupRestoration (37ms)
Platform modules already initialized, skipping
========================================================================
Worker process is ready to serve import requests
Shader 'MoreMountains/MMRipple': fallback shader 'Particle/AlphaBlended' not found
Launched and connected shader compiler UnityShaderCompiler.exe after 0.61 seconds
Refreshing native plugins compatible for Editor in 2.10 ms, found 4 plugins.
Preloading 0 native plugins for Editor in 0.00 ms.
Unloading 4677 Unused Serialized files (Serialized files now loaded: 0)
Unloading 54 unused Assets / (502.0 KB). Loaded Objects now: 5135.
Memory consumption went from 280.2 MB to 279.7 MB.
Total: 9.245700 ms (FindLiveObjects: 0.584300 ms CreateObjectMapping: 0.505200 ms MarkObjects: 7.609200 ms  DeleteObjects: 0.545500 ms)

AssetImportParameters requested are different than current active one (requested -> active):
  custom:video-decoder-ogg-theora: a1e56fd34408186e4bbccfd4996cb3dc -> 
  custom:container-muxer-webm: aa71ff27fc2769a1b78a27578f13a17b -> 
  custom:container-demuxer-webm: 4f35f7cbe854078d1ac9338744f61a02 -> 
  custom:video-encoder-webm-vp8: eb34c28f22e8b96e1ab97ce403110664 -> 
  custom:audio-encoder-webm-vorbis: bf7c407c2cedff20999df2af8eb42d56 -> 
  custom:framework-win-MediaFoundation: 216162199b28c13a410421893ffa2e32 -> 
  custom:container-demuxer-ogg: 62fdf1f143b41e24485cea50d1cbac27 -> 
  custom:video-decoder-webm-vp8: 9c59270c3fd7afecdb556c50c9e8de78 -> 
  custom:audio-decoder-ogg-vorbis: bf7c407c2cedff20999df2af8eb42d56 -> 
========================================================================
Received Import Request.
  Time since last request: 90651.112561 seconds.
  path: Assets/Data/Sound/ExpContiner.asset
  artifactKey: Guid(3f58d17cedcd1a549a3e51bf30be373f) Importer(815301076,1909f56bfc062723c751e8b465ee728b)
Start importing Assets/Data/Sound/ExpContiner.asset using Guid(3f58d17cedcd1a549a3e51bf30be373f) Importer(815301076,1909f56bfc062723c751e8b465ee728b)  -> (artifact id: '2614bfda82dffdde1fa786365b82b1b7') in 0.291701 seconds 
========================================================================
Received Import Request.
  Time since last request: 261.612579 seconds.
  path: Assets/Prefabs/EnemyCar.prefab
  artifactKey: Guid(bf1d7ae28ba5b164ea0252531019c45b) Importer(815301076,1909f56bfc062723c751e8b465ee728b)
Start importing Assets/Prefabs/EnemyCar.prefab using Guid(bf1d7ae28ba5b164ea0252531019c45b) Importer(815301076,1909f56bfc062723c751e8b465ee728b)  -> (artifact id: 'cdf31526b53e495db5c24384dcb416ed') in 1.178450 seconds 
========================================================================
Received Prepare
Registering precompiled user dll's ...
Registered in 0.006733 seconds.
Begin MonoManager ReloadAssembly
Native extension for WindowsStandalone target not found
Native extension for iOS target not found
Native extension for Android target not found
Native extension for WebGL target not found
Refreshing native plugins compatible for Editor in 2.42 ms, found 4 plugins.
Preloading 0 native plugins for Editor in 0.00 ms.
Mono: successfully reloaded assembly
- Completed reload, in  2.151 seconds
Domain Reload Profiling:
	ReloadAssembly (2152ms)
		BeginReloadAssembly (238ms)
			ExecutionOrderSort (0ms)
			DisableScriptedObjects (13ms)
			BackupInstance (0ms)
			ReleaseScriptingObjects (0ms)
			CreateAndSetChildDomain (54ms)
		EndReloadAssembly (1777ms)
			LoadAssemblies (179ms)
			RebuildTransferFunctionScriptingTraits (0ms)
			SetupTypeCache (408ms)
			ReleaseScriptCaches (2ms)
			RebuildScriptCaches (77ms)
			SetupLoadedEditorAssemblies (1014ms)
				LogAssemblyErrors (0ms)
				InitializePlatformSupportModulesInManaged (52ms)
				SetLoadedEditorAssemblies (1ms)
				RefreshPlugins (3ms)
				BeforeProcessingInitializeOnLoad (171ms)
				ProcessInitializeOnLoadAttributes (602ms)
				ProcessInitializeOnLoadMethodAttributes (174ms)
				AfterProcessingInitializeOnLoad (11ms)
				EditorAssembliesLoaded (1ms)
			ExecutionOrderSort2 (0ms)
			AwakeInstancesAfterBackupRestoration (32ms)
Platform modules already initialized, skipping
Shader 'MoreMountains/MMRipple': fallback shader 'Particle/AlphaBlended' not found
Refreshing native plugins compatible for Editor in 5.16 ms, found 4 plugins.
Preloading 0 native plugins for Editor in 0.00 ms.
Unloading 4539 Unused Serialized files (Serialized files now loaded: 0)
Unloading 30 unused Assets / (494.3 KB). Loaded Objects now: 5203.
Memory consumption went from 278.2 MB to 277.7 MB.
Total: 9.693700 ms (FindLiveObjects: 0.558900 ms CreateObjectMapping: 0.879200 ms MarkObjects: 7.494400 ms  DeleteObjects: 0.759600 ms)

AssetImportParameters requested are different than current active one (requested -> active):
  custom:video-decoder-ogg-theora: a1e56fd34408186e4bbccfd4996cb3dc -> 
  custom:container-muxer-webm: aa71ff27fc2769a1b78a27578f13a17b -> 
  custom:container-demuxer-webm: 4f35f7cbe854078d1ac9338744f61a02 -> 
  custom:video-encoder-webm-vp8: eb34c28f22e8b96e1ab97ce403110664 -> 
  custom:audio-encoder-webm-vorbis: bf7c407c2cedff20999df2af8eb42d56 -> 
  custom:framework-win-MediaFoundation: 216162199b28c13a410421893ffa2e32 -> 
  custom:container-demuxer-ogg: 62fdf1f143b41e24485cea50d1cbac27 -> 
  custom:video-decoder-webm-vp8: 9c59270c3fd7afecdb556c50c9e8de78 -> 
  custom:audio-decoder-ogg-vorbis: bf7c407c2cedff20999df2af8eb42d56 -> 
========================================================================
Received Prepare
Registering precompiled user dll's ...
Registered in 0.007615 seconds.
Begin MonoManager ReloadAssembly
Native extension for WindowsStandalone target not found
Native extension for iOS target not found
Native extension for Android target not found
Native extension for WebGL target not found
Refreshing native plugins compatible for Editor in 1.30 ms, found 4 plugins.
Preloading 0 native plugins for Editor in 0.00 ms.
Mono: successfully reloaded assembly
- Completed reload, in  2.472 seconds
Domain Reload Profiling:
	ReloadAssembly (2473ms)
		BeginReloadAssembly (246ms)
			ExecutionOrderSort (0ms)
			DisableScriptedObjects (12ms)
			BackupInstance (0ms)
			ReleaseScriptingObjects (0ms)
			CreateAndSetChildDomain (80ms)
		EndReloadAssembly (2076ms)
			LoadAssemblies (176ms)
			RebuildTransferFunctionScriptingTraits (0ms)
			SetupTypeCache (630ms)
			ReleaseScriptCaches (5ms)
			RebuildScriptCaches (117ms)
			SetupLoadedEditorAssemblies (978ms)
				LogAssemblyErrors (0ms)
				InitializePlatformSupportModulesInManaged (55ms)
				SetLoadedEditorAssemblies (1ms)
				RefreshPlugins (1ms)
				BeforeProcessingInitializeOnLoad (162ms)
				ProcessInitializeOnLoadAttributes (562ms)
				ProcessInitializeOnLoadMethodAttributes (188ms)
				AfterProcessingInitializeOnLoad (8ms)
				EditorAssembliesLoaded (1ms)
			ExecutionOrderSort2 (0ms)
			AwakeInstancesAfterBackupRestoration (33ms)
Platform modules already initialized, skipping
Shader 'MoreMountains/MMRipple': fallback shader 'Particle/AlphaBlended' not found
Refreshing native plugins compatible for Editor in 7.97 ms, found 4 plugins.
Preloading 0 native plugins for Editor in 0.00 ms.
Unloading 4540 Unused Serialized files (Serialized files now loaded: 0)
Unloading 30 unused Assets / (501.6 KB). Loaded Objects now: 5218.
Memory consumption went from 278.2 MB to 277.7 MB.
Total: 20.031900 ms (FindLiveObjects: 2.396500 ms CreateObjectMapping: 4.436100 ms MarkObjects: 12.673600 ms  DeleteObjects: 0.524500 ms)

AssetImportParameters requested are different than current active one (requested -> active):
  custom:video-decoder-ogg-theora: a1e56fd34408186e4bbccfd4996cb3dc -> 
  custom:container-muxer-webm: aa71ff27fc2769a1b78a27578f13a17b -> 
  custom:container-demuxer-webm: 4f35f7cbe854078d1ac9338744f61a02 -> 
  custom:video-encoder-webm-vp8: eb34c28f22e8b96e1ab97ce403110664 -> 
  custom:audio-encoder-webm-vorbis: bf7c407c2cedff20999df2af8eb42d56 -> 
  custom:framework-win-MediaFoundation: 216162199b28c13a410421893ffa2e32 -> 
  custom:container-demuxer-ogg: 62fdf1f143b41e24485cea50d1cbac27 -> 
  custom:video-decoder-webm-vp8: 9c59270c3fd7afecdb556c50c9e8de78 -> 
  custom:audio-decoder-ogg-vorbis: bf7c407c2cedff20999df2af8eb42d56 -> 
========================================================================
Received Import Request.
  Time since last request: 9422.758486 seconds.
  path: Assets/Sprites/Bar.png
  artifactKey: Guid(a3c306c0cb9221948bb417e8cca84842) Importer(815301076,1909f56bfc062723c751e8b465ee728b)
Start importing Assets/Sprites/Bar.png using Guid(a3c306c0cb9221948bb417e8cca84842) Importer(815301076,1909f56bfc062723c751e8b465ee728b)  -> (artifact id: '54d61e892832b9d62d106d214c48c1b5') in 0.669545 seconds 
========================================================================
Received Import Request.
  Time since last request: 0.000103 seconds.
  path: Assets/Sprites/Tree.png
  artifactKey: Guid(1f0b13b39f0814a4b898178c17e550d4) Importer(815301076,1909f56bfc062723c751e8b465ee728b)
Start importing Assets/Sprites/Tree.png using Guid(1f0b13b39f0814a4b898178c17e550d4) Importer(815301076,1909f56bfc062723c751e8b465ee728b)  -> (artifact id: '4cab55df8c06f8048e0fa8a8297dbde4') in 0.041277 seconds 
========================================================================
Received Import Request.
  Time since last request: 0.000046 seconds.
  path: Assets/Sprites/SmokeFluffy.png
  artifactKey: Guid(c9acfe09236edd048aae447e3fe77120) Importer(815301076,1909f56bfc062723c751e8b465ee728b)
Start importing Assets/Sprites/SmokeFluffy.png using Guid(c9acfe09236edd048aae447e3fe77120) Importer(815301076,1909f56bfc062723c751e8b465ee728b)  -> (artifact id: 'd3de4e02535ae514f85101edcb88d1f6') in 0.055312 seconds 
========================================================================
Received Import Request.
  Time since last request: 0.000031 seconds.
  path: Assets/Sprites/Tube.png
  artifactKey: Guid(17a3bf0a1b7c78a4598b17b114aef1d8) Importer(815301076,1909f56bfc062723c751e8b465ee728b)
Start importing Assets/Sprites/Tube.png using Guid(17a3bf0a1b7c78a4598b17b114aef1d8) Importer(815301076,1909f56bfc062723c751e8b465ee728b)  -> (artifact id: '130874bdba968ee80e5250765eab5d60') in 0.192846 seconds 
========================================================================
Received Import Request.
  Time since last request: 0.000024 seconds.
  path: Assets/Sprites/Human.png
  artifactKey: Guid(dac35352b6f703d48bc06ea6bcb0259f) Importer(815301076,1909f56bfc062723c751e8b465ee728b)
Start importing Assets/Sprites/Human.png using Guid(dac35352b6f703d48bc06ea6bcb0259f) Importer(815301076,1909f56bfc062723c751e8b465ee728b)  -> (artifact id: '12c386252e45a0a56a8ac7ef460c54d8') in 0.076111 seconds 
========================================================================
Received Import Request.
  Time since last request: 0.000033 seconds.
  path: Assets/Sprites/blood.png
  artifactKey: Guid(ead92c270cefac542bee256094b36290) Importer(815301076,1909f56bfc062723c751e8b465ee728b)
Start importing Assets/Sprites/blood.png using Guid(ead92c270cefac542bee256094b36290) Importer(815301076,1909f56bfc062723c751e8b465ee728b)  -> (artifact id: '6c42e9badb8db257cfa1ad8903c9af33') in 0.133983 seconds 
========================================================================
Received Import Request.
  Time since last request: 0.000022 seconds.
  path: Assets/Sprites/RoadBlock.png
  artifactKey: Guid(2514d7d40e0a70642b378bcee488918f) Importer(815301076,1909f56bfc062723c751e8b465ee728b)
Start importing Assets/Sprites/RoadBlock.png using Guid(2514d7d40e0a70642b378bcee488918f) Importer(815301076,1909f56bfc062723c751e8b465ee728b)  -> (artifact id: '742640ffaa01c98fab124e51f2a2c39f') in 0.220709 seconds 
========================================================================
Received Import Request.
  Time since last request: 0.000030 seconds.
  path: Assets/Sprites/Jump.png
  artifactKey: Guid(4d17eea4978aa494e9e03acf2d86f8a0) Importer(815301076,1909f56bfc062723c751e8b465ee728b)
Start importing Assets/Sprites/Jump.png using Guid(4d17eea4978aa494e9e03acf2d86f8a0) Importer(815301076,1909f56bfc062723c751e8b465ee728b)  -> (artifact id: 'ac4b72e6bb06a075e8d9d6d2c5bcfc75') in 0.040476 seconds 
========================================================================
Received Import Request.
  Time since last request: 26.467013 seconds.
  path: Assets/Sprites/Tree.png
  artifactKey: Guid(1f0b13b39f0814a4b898178c17e550d4) Importer(815301076,1909f56bfc062723c751e8b465ee728b)
Start importing Assets/Sprites/Tree.png using Guid(1f0b13b39f0814a4b898178c17e550d4) Importer(815301076,1909f56bfc062723c751e8b465ee728b)  -> (artifact id: '0e4e0946380cd0e89f589c79e3815263') in 0.019312 seconds 
========================================================================
Received Import Request.
  Time since last request: 1.532852 seconds.
  path: Assets/Sprites/Tree.png
  artifactKey: Guid(1f0b13b39f0814a4b898178c17e550d4) Importer(815301076,1909f56bfc062723c751e8b465ee728b)
Start importing Assets/Sprites/Tree.png using Guid(1f0b13b39f0814a4b898178c17e550d4) Importer(815301076,1909f56bfc062723c751e8b465ee728b)  -> (artifact id: '2643905bcf4b798eba3a26e18ecd9ba2') in 0.018144 seconds 
========================================================================
Received Import Request.
  Time since last request: 8.422297 seconds.
  path: Assets/Sprites/Tree.png
  artifactKey: Guid(1f0b13b39f0814a4b898178c17e550d4) Importer(815301076,1909f56bfc062723c751e8b465ee728b)
Start importing Assets/Sprites/Tree.png using Guid(1f0b13b39f0814a4b898178c17e550d4) Importer(815301076,1909f56bfc062723c751e8b465ee728b)  -> (artifact id: '89183da80fde4ecfa7fff81521818af4') in 0.052545 seconds 
========================================================================
Received Import Request.
  Time since last request: 7.302134 seconds.
  path: Assets/Sprites/Tree.png
  artifactKey: Guid(1f0b13b39f0814a4b898178c17e550d4) Importer(815301076,1909f56bfc062723c751e8b465ee728b)
Start importing Assets/Sprites/Tree.png using Guid(1f0b13b39f0814a4b898178c17e550d4) Importer(815301076,1909f56bfc062723c751e8b465ee728b)  -> (artifact id: '8a5254213ccb657c2de4cef0f0efc714') in 0.017164 seconds 
========================================================================
Received Import Request.
  Time since last request: 16.564165 seconds.
  path: Assets/Sprites/Tree.png
  artifactKey: Guid(1f0b13b39f0814a4b898178c17e550d4) Importer(815301076,1909f56bfc062723c751e8b465ee728b)
Start importing Assets/Sprites/Tree.png using Guid(1f0b13b39f0814a4b898178c17e550d4) Importer(815301076,1909f56bfc062723c751e8b465ee728b)  -> (artifact id: 'cc679067980a110200aedca9d02988cb') in 0.018553 seconds 
========================================================================
Received Import Request.
  Time since last request: 28.040180 seconds.
  path: Assets/Sprites/Tree.png
  artifactKey: Guid(1f0b13b39f0814a4b898178c17e550d4) Importer(815301076,1909f56bfc062723c751e8b465ee728b)
Start importing Assets/Sprites/Tree.png using Guid(1f0b13b39f0814a4b898178c17e550d4) Importer(815301076,1909f56bfc062723c751e8b465ee728b)  -> (artifact id: 'fe6ad74632fa5d5bf308b096eb31d3d7') in 0.018933 seconds 
========================================================================
Received Import Request.
  Time since last request: 3.568000 seconds.
  path: Assets/Sprites/Tree.png
  artifactKey: Guid(1f0b13b39f0814a4b898178c17e550d4) Importer(815301076,1909f56bfc062723c751e8b465ee728b)
Start importing Assets/Sprites/Tree.png using Guid(1f0b13b39f0814a4b898178c17e550d4) Importer(815301076,1909f56bfc062723c751e8b465ee728b)  -> (artifact id: '5789b9f49d7d1fd501f022ad40b63c8a') in 0.046227 seconds 
========================================================================
Received Import Request.
  Time since last request: 7.620787 seconds.
  path: Assets/Sprites/Tree.png
  artifactKey: Guid(1f0b13b39f0814a4b898178c17e550d4) Importer(815301076,1909f56bfc062723c751e8b465ee728b)
Start importing Assets/Sprites/Tree.png using Guid(1f0b13b39f0814a4b898178c17e550d4) Importer(815301076,1909f56bfc062723c751e8b465ee728b)  -> (artifact id: '2b723570b5baff47e1132f82b2b22659') in 0.019253 seconds 
========================================================================
Received Import Request.
  Time since last request: 75.702140 seconds.
  path: Assets/Sprites/Tree.png
  artifactKey: Guid(1f0b13b39f0814a4b898178c17e550d4) Importer(815301076,1909f56bfc062723c751e8b465ee728b)
Start importing Assets/Sprites/Tree.png using Guid(1f0b13b39f0814a4b898178c17e550d4) Importer(815301076,1909f56bfc062723c751e8b465ee728b)  -> (artifact id: '97071a02d0039ccea9c6bc9837d63245') in 0.095177 seconds 
========================================================================
Received Import Request.
  Time since last request: 456.525777 seconds.
  path: Assets/Prefabs/Tree.prefab
  artifactKey: Guid(2987d963b266eed479ed4d97e5cbefe0) Importer(815301076,1909f56bfc062723c751e8b465ee728b)
Start importing Assets/Prefabs/Tree.prefab using Guid(2987d963b266eed479ed4d97e5cbefe0) Importer(815301076,1909f56bfc062723c751e8b465ee728b)  -> (artifact id: 'ea5c9e87524082d94dc480ac5f45a00c') in 0.330490 seconds 
========================================================================
Received Import Request.
  Time since last request: 20.908278 seconds.
  path: Assets/Prefabs/Tree.prefab
  artifactKey: Guid(2987d963b266eed479ed4d97e5cbefe0) Importer(815301076,1909f56bfc062723c751e8b465ee728b)
Start importing Assets/Prefabs/Tree.prefab using Guid(2987d963b266eed479ed4d97e5cbefe0) Importer(815301076,1909f56bfc062723c751e8b465ee728b)  -> (artifact id: '9c0d6175d907509523fe4e16a95a7919') in 0.041345 seconds 
========================================================================
Received Import Request.
  Time since last request: 2.572733 seconds.
  path: Assets/Prefabs/Tree.prefab
  artifactKey: Guid(2987d963b266eed479ed4d97e5cbefe0) Importer(815301076,1909f56bfc062723c751e8b465ee728b)
Start importing Assets/Prefabs/Tree.prefab using Guid(2987d963b266eed479ed4d97e5cbefe0) Importer(815301076,1909f56bfc062723c751e8b465ee728b)  -> (artifact id: 'a38f5e3ab8c9d6802b4329c86b74c90e') in 0.016152 seconds 
========================================================================
Received Import Request.
  Time since last request: 3.736501 seconds.
  path: Assets/Prefabs/Tree.prefab
  artifactKey: Guid(2987d963b266eed479ed4d97e5cbefe0) Importer(815301076,1909f56bfc062723c751e8b465ee728b)
Start importing Assets/Prefabs/Tree.prefab using Guid(2987d963b266eed479ed4d97e5cbefe0) Importer(815301076,1909f56bfc062723c751e8b465ee728b)  -> (artifact id: '1fb18a0dec60fc78eb888321ec70145c') in 0.019231 seconds 
========================================================================
Received Import Request.
  Time since last request: 3.202181 seconds.
  path: Assets/Prefabs/Tree.prefab
  artifactKey: Guid(2987d963b266eed479ed4d97e5cbefe0) Importer(815301076,1909f56bfc062723c751e8b465ee728b)
Start importing Assets/Prefabs/Tree.prefab using Guid(2987d963b266eed479ed4d97e5cbefe0) Importer(815301076,1909f56bfc062723c751e8b465ee728b)  -> (artifact id: '85a205af8fdac680b37bd66bee13376d') in 0.016107 seconds 
========================================================================
Received Import Request.
  Time since last request: 1.565417 seconds.
  path: Assets/Prefabs/Tree.prefab
  artifactKey: Guid(2987d963b266eed479ed4d97e5cbefe0) Importer(815301076,1909f56bfc062723c751e8b465ee728b)
Start importing Assets/Prefabs/Tree.prefab using Guid(2987d963b266eed479ed4d97e5cbefe0) Importer(815301076,1909f56bfc062723c751e8b465ee728b)  -> (artifact id: '973727cc741238c25d4311587b39d60d') in 0.017160 seconds 
========================================================================
Received Import Request.
  Time since last request: 2.216930 seconds.
  path: Assets/Prefabs/Tree.prefab
  artifactKey: Guid(2987d963b266eed479ed4d97e5cbefe0) Importer(815301076,1909f56bfc062723c751e8b465ee728b)
Start importing Assets/Prefabs/Tree.prefab using Guid(2987d963b266eed479ed4d97e5cbefe0) Importer(815301076,1909f56bfc062723c751e8b465ee728b)  -> (artifact id: '0da2ff6d3d1b6e0489cc305c3a281922') in 0.017035 seconds 
========================================================================
Received Import Request.
  Time since last request: 1.383462 seconds.
  path: Assets/Prefabs/Tree.prefab
  artifactKey: Guid(2987d963b266eed479ed4d97e5cbefe0) Importer(815301076,1909f56bfc062723c751e8b465ee728b)
Start importing Assets/Prefabs/Tree.prefab using Guid(2987d963b266eed479ed4d97e5cbefe0) Importer(815301076,1909f56bfc062723c751e8b465ee728b)  -> (artifact id: '166cf78d8b2e8993092fd4843d452bb0') in 0.030247 seconds 
========================================================================
Received Import Request.
  Time since last request: 2.394472 seconds.
  path: Assets/Prefabs/Tree.prefab
  artifactKey: Guid(2987d963b266eed479ed4d97e5cbefe0) Importer(815301076,1909f56bfc062723c751e8b465ee728b)
Start importing Assets/Prefabs/Tree.prefab using Guid(2987d963b266eed479ed4d97e5cbefe0) Importer(815301076,1909f56bfc062723c751e8b465ee728b)  -> (artifact id: 'dbc2a57c65eb284ef55db100cfed8509') in 0.017356 seconds 
========================================================================
Received Import Request.
  Time since last request: 1.345468 seconds.
  path: Assets/Prefabs/Tree.prefab
  artifactKey: Guid(2987d963b266eed479ed4d97e5cbefe0) Importer(815301076,1909f56bfc062723c751e8b465ee728b)
Start importing Assets/Prefabs/Tree.prefab using Guid(2987d963b266eed479ed4d97e5cbefe0) Importer(815301076,1909f56bfc062723c751e8b465ee728b)  -> (artifact id: '4d9903f3efff0cf8876ec2164ebbeb1c') in 0.017308 seconds 
========================================================================
Received Import Request.
  Time since last request: 2.201625 seconds.
  path: Assets/Prefabs/Tree.prefab
  artifactKey: Guid(2987d963b266eed479ed4d97e5cbefe0) Importer(815301076,1909f56bfc062723c751e8b465ee728b)
Start importing Assets/Prefabs/Tree.prefab using Guid(2987d963b266eed479ed4d97e5cbefe0) Importer(815301076,1909f56bfc062723c751e8b465ee728b)  -> (artifact id: '95d9713e0b7af204e6597cddf4b0bd4b') in 0.017244 seconds 
========================================================================
Received Prepare
Registering precompiled user dll's ...
Registered in 0.006130 seconds.
Begin MonoManager ReloadAssembly
Native extension for WindowsStandalone target not found
Native extension for iOS target not found
Native extension for Android target not found
Native extension for WebGL target not found
Refreshing native plugins compatible for Editor in 1.39 ms, found 4 plugins.
Preloading 0 native plugins for Editor in 0.00 ms.
Mono: successfully reloaded assembly
- Completed reload, in  2.208 seconds
Domain Reload Profiling:
	ReloadAssembly (2210ms)
		BeginReloadAssembly (252ms)
			ExecutionOrderSort (0ms)
			DisableScriptedObjects (13ms)
			BackupInstance (0ms)
			ReleaseScriptingObjects (0ms)
			CreateAndSetChildDomain (86ms)
		EndReloadAssembly (1831ms)
			LoadAssemblies (154ms)
			RebuildTransferFunctionScriptingTraits (0ms)
			SetupTypeCache (456ms)
			ReleaseScriptCaches (3ms)
			RebuildScriptCaches (105ms)
			SetupLoadedEditorAssemblies (980ms)
				LogAssemblyErrors (0ms)
				InitializePlatformSupportModulesInManaged (264ms)
				SetLoadedEditorAssemblies (1ms)
				RefreshPlugins (1ms)
				BeforeProcessingInitializeOnLoad (115ms)
				ProcessInitializeOnLoadAttributes (446ms)
				ProcessInitializeOnLoadMethodAttributes (145ms)
				AfterProcessingInitializeOnLoad (8ms)
				EditorAssembliesLoaded (1ms)
			ExecutionOrderSort2 (0ms)
			AwakeInstancesAfterBackupRestoration (26ms)
Platform modules already initialized, skipping
Shader 'MoreMountains/MMRipple': fallback shader 'Particle/AlphaBlended' not found
Refreshing native plugins compatible for Editor in 4.12 ms, found 4 plugins.
Preloading 0 native plugins for Editor in 0.00 ms.
Unloading 4539 Unused Serialized files (Serialized files now loaded: 0)
Unloading 30 unused Assets / (502.2 KB). Loaded Objects now: 5287.
Memory consumption went from 278.3 MB to 277.8 MB.
Total: 5.997200 ms (FindLiveObjects: 0.582800 ms CreateObjectMapping: 0.612900 ms MarkObjects: 4.387400 ms  DeleteObjects: 0.413100 ms)

AssetImportParameters requested are different than current active one (requested -> active):
  custom:video-decoder-ogg-theora: a1e56fd34408186e4bbccfd4996cb3dc -> 
  custom:container-muxer-webm: aa71ff27fc2769a1b78a27578f13a17b -> 
  custom:container-demuxer-webm: 4f35f7cbe854078d1ac9338744f61a02 -> 
  custom:video-encoder-webm-vp8: eb34c28f22e8b96e1ab97ce403110664 -> 
  custom:audio-encoder-webm-vorbis: bf7c407c2cedff20999df2af8eb42d56 -> 
  custom:framework-win-MediaFoundation: 216162199b28c13a410421893ffa2e32 -> 
  custom:container-demuxer-ogg: 62fdf1f143b41e24485cea50d1cbac27 -> 
  custom:video-decoder-webm-vp8: 9c59270c3fd7afecdb556c50c9e8de78 -> 
  custom:audio-decoder-ogg-vorbis: bf7c407c2cedff20999df2af8eb42d56 -> 
