
=== Wed Dec 14 10:12:43 2022

Packages were changed.
Update Mode: updateDependencies

The following packages were updated:
  com.unity.2d.animation from version 3.2.13 to 3.2.17
  com.unity.2d.psdimporter from version 2.1.9 to 2.1.11
  com.unity.2d.spriteshape from version 3.0.17 to 3.0.18
  com.unity.collab-proxy from version 1.14.1 to 1.14.18
  com.unity.ide.visualstudio from version 2.0.14 to 2.0.15
  com.unity.ide.vscode from version 1.2.4 to 1.2.5
  com.unity.test-framework from version 1.1.29 to 1.1.31

=== Sat Aug  5 22:37:32 2023

Packages were changed.
Update Mode: updateDependencies

The following packages were updated:
  com.unity.2d.animation from version 3.2.17 to 7.0.8
  com.unity.2d.pixel-perfect from version 2.1.0 to 5.0.1
  com.unity.2d.psdimporter from version 2.1.11 to 6.0.6
  com.unity.2d.spriteshape from version 3.0.18 to 7.0.6
  com.unity.collab-proxy from version 1.14.18 to 1.17.2
  com.unity.ide.rider from version 1.2.1 to 3.0.15
  com.unity.ide.visualstudio from version 2.0.15 to 2.0.16
  com.unity.textmeshpro from version 2.1.4 to 3.0.6
  com.unity.timeline from version 1.2.18 to 1.6.4

=== Thu Sep  7 23:13:10 2023

Packages were changed.
Update Mode: updateDependencies

The following packages were updated:
  com.unity.2d.animation from version 7.0.8 to 7.0.9
  com.unity.2d.pixel-perfect from version 5.0.1 to 5.0.3
  com.unity.2d.psdimporter from version 6.0.6 to 6.0.7
  com.unity.collab-proxy from version 1.17.2 to 2.0.1
  com.unity.ide.rider from version 3.0.15 to 3.0.18
  com.unity.ide.visualstudio from version 2.0.16 to 2.0.17
  com.unity.render-pipelines.universal from version 12.1.7 to 12.1.10
